<?xml version="1.0" encoding="UTF-8"?>
<!-- Generated by org.testng.reporters.JUnitReportReporter -->
<testsuite skipped="0" hostname="DESKTOP-D4N0DVH" name="dataTable.DataTable01" tests="1" failures="0" timestamp="2020-07-07T21:38:38 ICT" time="2.202" errors="0">
  <testcase name="DataTable_03" time="2.202" classname="dataTable.DataTable01"/>
  <system-out/>
</testsuite> <!-- dataTable.DataTable01 -->
